[0.212s] DEBUG:colcon:Command line arguments: ['/usr/bin/colcon', 'build', '--symlink-install', '--packages-select', 'aruco_msgs']
[0.213s] DEBUG:colcon:Parsed command line arguments: Namespace(log_base=None, log_level=None, verb_name='build', build_base='build', install_base='install', merge_install=False, symlink_install=True, test_result_base=None, continue_on_error=False, executor='parallel', parallel_workers=8, event_handlers=None, ignore_user_meta=False, metas=['./colcon.meta'], base_paths=['.'], packages_ignore=None, packages_ignore_regex=None, paths=None, packages_up_to=None, packages_up_to_regex=None, packages_above=None, packages_above_and_dependencies=None, packages_above_depth=None, packages_select_by_dep=None, packages_skip_by_dep=None, packages_skip_up_to=None, packages_select_build_failed=False, packages_skip_build_finished=False, packages_select_test_failures=False, packages_skip_test_passed=False, packages_select=['aruco_msgs'], packages_skip=None, packages_select_regex=None, packages_skip_regex=None, packages_start=None, packages_end=None, allow_overriding=[], cmake_args=None, cmake_target=None, cmake_target_skip_unavailable=False, cmake_clean_cache=False, cmake_clean_first=False, cmake_force_configure=False, ament_cmake_args=None, catkin_cmake_args=None, catkin_skip_building_tests=False, verb_parser=<colcon_defaults.argument_parser.defaults.DefaultArgumentsDecorator object at 0xffff8b48ffd0>, verb_extension=<colcon_core.verb.build.BuildVerb object at 0xffff8b48faf0>, main=<bound method BuildVerb.main of <colcon_core.verb.build.BuildVerb object at 0xffff8b48faf0>>)
[0.539s] Level 1:colcon.colcon_core.package_discovery:discover_packages(colcon_meta) check parameters
[0.540s] Level 1:colcon.colcon_core.package_discovery:discover_packages(recursive) check parameters
[0.540s] Level 1:colcon.colcon_core.package_discovery:discover_packages(ignore) check parameters
[0.540s] Level 1:colcon.colcon_core.package_discovery:discover_packages(path) check parameters
[0.540s] Level 1:colcon.colcon_core.package_discovery:discover_packages(colcon_meta) discover
[0.540s] Level 1:colcon.colcon_core.package_discovery:discover_packages(recursive) discover
[0.540s] INFO:colcon.colcon_core.package_discovery:Crawling recursively for packages in '/home/khadas/roaf3d_ws_loop/src/aruco_marker/aruco_msgs'
[0.540s] Level 1:colcon.colcon_core.package_identification:_identify(.) by extensions ['ignore', 'ignore_ament_install']
[0.541s] Level 1:colcon.colcon_core.package_identification:_identify(.) by extension 'ignore'
[0.541s] Level 1:colcon.colcon_core.package_identification:_identify(.) by extension 'ignore_ament_install'
[0.541s] Level 1:colcon.colcon_core.package_identification:_identify(.) by extensions ['colcon_pkg']
[0.541s] Level 1:colcon.colcon_core.package_identification:_identify(.) by extension 'colcon_pkg'
[0.541s] Level 1:colcon.colcon_core.package_identification:_identify(.) by extensions ['colcon_meta']
[0.541s] Level 1:colcon.colcon_core.package_identification:_identify(.) by extension 'colcon_meta'
[0.541s] Level 1:colcon.colcon_core.package_identification:_identify(.) by extensions ['ros']
[0.541s] Level 1:colcon.colcon_core.package_identification:_identify(.) by extension 'ros'
[0.569s] DEBUG:colcon.colcon_core.package_identification:Package '.' with type 'ros.ament_cmake' and name 'aruco_msgs'
[0.569s] Level 1:colcon.colcon_core.package_discovery:discover_packages(recursive) using defaults
[0.569s] Level 1:colcon.colcon_core.package_discovery:discover_packages(ignore) discover
[0.569s] Level 1:colcon.colcon_core.package_discovery:discover_packages(ignore) using defaults
[0.569s] Level 1:colcon.colcon_core.package_discovery:discover_packages(path) discover
[0.569s] Level 1:colcon.colcon_core.package_discovery:discover_packages(path) using defaults
[0.609s] Level 1:colcon.colcon_core.package_discovery:discover_packages(prefix_path) check parameters
[0.609s] Level 1:colcon.colcon_core.package_discovery:discover_packages(prefix_path) discover
[0.614s] DEBUG:colcon.colcon_installed_package_information.package_discovery:Found 276 installed packages in /opt/ros/humble
[0.645s] Level 1:colcon.colcon_core.package_discovery:discover_packages(prefix_path) using defaults
[0.722s] Level 5:colcon.colcon_core.verb:set package 'aruco_msgs' build argument 'cmake_args' from command line to 'None'
[0.722s] Level 5:colcon.colcon_core.verb:set package 'aruco_msgs' build argument 'cmake_target' from command line to 'None'
[0.722s] Level 5:colcon.colcon_core.verb:set package 'aruco_msgs' build argument 'cmake_target_skip_unavailable' from command line to 'False'
[0.722s] Level 5:colcon.colcon_core.verb:set package 'aruco_msgs' build argument 'cmake_clean_cache' from command line to 'False'
[0.722s] Level 5:colcon.colcon_core.verb:set package 'aruco_msgs' build argument 'cmake_clean_first' from command line to 'False'
[0.722s] Level 5:colcon.colcon_core.verb:set package 'aruco_msgs' build argument 'cmake_force_configure' from command line to 'False'
[0.722s] Level 5:colcon.colcon_core.verb:set package 'aruco_msgs' build argument 'ament_cmake_args' from command line to 'None'
[0.722s] Level 5:colcon.colcon_core.verb:set package 'aruco_msgs' build argument 'catkin_cmake_args' from command line to 'None'
[0.722s] Level 5:colcon.colcon_core.verb:set package 'aruco_msgs' build argument 'catkin_skip_building_tests' from command line to 'False'
[0.722s] DEBUG:colcon.colcon_core.verb:Building package 'aruco_msgs' with the following arguments: {'ament_cmake_args': None, 'build_base': '/home/khadas/roaf3d_ws_loop/src/aruco_marker/aruco_msgs/build/aruco_msgs', 'catkin_cmake_args': None, 'catkin_skip_building_tests': False, 'cmake_args': None, 'cmake_clean_cache': False, 'cmake_clean_first': False, 'cmake_force_configure': False, 'cmake_target': None, 'cmake_target_skip_unavailable': False, 'install_base': '/home/khadas/roaf3d_ws_loop/src/aruco_marker/aruco_msgs/install/aruco_msgs', 'merge_install': False, 'path': '/home/khadas/roaf3d_ws_loop/src/aruco_marker/aruco_msgs', 'symlink_install': True, 'test_result_base': None}
[0.723s] INFO:colcon.colcon_core.executor:Executing jobs using 'parallel' executor
[0.725s] DEBUG:colcon.colcon_parallel_executor.executor.parallel:run_until_complete
[0.726s] INFO:colcon.colcon_ros.task.ament_cmake.build:Building ROS package in '/home/khadas/roaf3d_ws_loop/src/aruco_marker/aruco_msgs' with build type 'ament_cmake'
[0.726s] INFO:colcon.colcon_cmake.task.cmake.build:Building CMake package in '/home/khadas/roaf3d_ws_loop/src/aruco_marker/aruco_msgs'
[0.730s] INFO:colcon.colcon_core.plugin_system:Skipping extension 'colcon_core.shell.bat': Not used on non-Windows systems
[0.730s] INFO:colcon.colcon_core.shell:Skip shell extension 'powershell' for command environment: Not usable outside of PowerShell
[0.731s] DEBUG:colcon.colcon_core.shell:Skip shell extension 'dsv' for command environment
[0.746s] DEBUG:colcon.colcon_core.event_handler.log_command:Invoking command in '/home/khadas/roaf3d_ws_loop/src/aruco_marker/aruco_msgs/build/aruco_msgs': CMAKE_PREFIX_PATH=/opt/ros/humble /usr/bin/cmake /home/khadas/roaf3d_ws_loop/src/aruco_marker/aruco_msgs -DAMENT_CMAKE_SYMLINK_INSTALL=1 -DCMAKE_INSTALL_PREFIX=/home/khadas/roaf3d_ws_loop/src/aruco_marker/aruco_msgs/install/aruco_msgs
[4.158s] DEBUG:colcon.colcon_core.event_handler.log_command:Invoked command in '/home/khadas/roaf3d_ws_loop/src/aruco_marker/aruco_msgs/build/aruco_msgs' returned '0': CMAKE_PREFIX_PATH=/opt/ros/humble /usr/bin/cmake /home/khadas/roaf3d_ws_loop/src/aruco_marker/aruco_msgs -DAMENT_CMAKE_SYMLINK_INSTALL=1 -DCMAKE_INSTALL_PREFIX=/home/khadas/roaf3d_ws_loop/src/aruco_marker/aruco_msgs/install/aruco_msgs
[4.164s] DEBUG:colcon.colcon_core.event_handler.log_command:Invoking command in '/home/khadas/roaf3d_ws_loop/src/aruco_marker/aruco_msgs/build/aruco_msgs': CMAKE_PREFIX_PATH=/opt/ros/humble /usr/bin/cmake --build /home/khadas/roaf3d_ws_loop/src/aruco_marker/aruco_msgs/build/aruco_msgs -- -j8 -l8
[7.796s] DEBUG:colcon.colcon_core.event_handler.log_command:Invoked command in '/home/khadas/roaf3d_ws_loop/src/aruco_marker/aruco_msgs/build/aruco_msgs' returned '0': CMAKE_PREFIX_PATH=/opt/ros/humble /usr/bin/cmake --build /home/khadas/roaf3d_ws_loop/src/aruco_marker/aruco_msgs/build/aruco_msgs -- -j8 -l8
[7.929s] DEBUG:colcon.colcon_core.event_handler.log_command:Invoking command in '/home/khadas/roaf3d_ws_loop/src/aruco_marker/aruco_msgs/build/aruco_msgs': CMAKE_PREFIX_PATH=/opt/ros/humble /usr/bin/cmake --install /home/khadas/roaf3d_ws_loop/src/aruco_marker/aruco_msgs/build/aruco_msgs
[9.129s] Level 1:colcon.colcon_core.environment:create_environment_scripts_only(aruco_msgs)
[9.131s] DEBUG:colcon.colcon_core.event_handler.log_command:Invoked command in '/home/khadas/roaf3d_ws_loop/src/aruco_marker/aruco_msgs/build/aruco_msgs' returned '0': CMAKE_PREFIX_PATH=/opt/ros/humble /usr/bin/cmake --install /home/khadas/roaf3d_ws_loop/src/aruco_marker/aruco_msgs/build/aruco_msgs
[9.139s] Level 1:colcon.colcon_core.environment:checking '/home/khadas/roaf3d_ws_loop/src/aruco_marker/aruco_msgs/install/aruco_msgs' for CMake module files
[9.142s] Level 1:colcon.colcon_core.environment:checking '/home/khadas/roaf3d_ws_loop/src/aruco_marker/aruco_msgs/install/aruco_msgs' for CMake config files
[9.146s] Level 1:colcon.colcon_core.shell:create_environment_hook('aruco_msgs', 'cmake_prefix_path')
[9.146s] INFO:colcon.colcon_core.shell:Creating environment hook '/home/khadas/roaf3d_ws_loop/src/aruco_marker/aruco_msgs/install/aruco_msgs/share/aruco_msgs/hook/cmake_prefix_path.ps1'
[9.149s] INFO:colcon.colcon_core.shell:Creating environment descriptor '/home/khadas/roaf3d_ws_loop/src/aruco_marker/aruco_msgs/install/aruco_msgs/share/aruco_msgs/hook/cmake_prefix_path.dsv'
[9.150s] INFO:colcon.colcon_core.shell:Creating environment hook '/home/khadas/roaf3d_ws_loop/src/aruco_marker/aruco_msgs/install/aruco_msgs/share/aruco_msgs/hook/cmake_prefix_path.sh'
[9.154s] Level 1:colcon.colcon_core.environment:checking '/home/khadas/roaf3d_ws_loop/src/aruco_marker/aruco_msgs/install/aruco_msgs/lib'
[9.154s] Level 1:colcon.colcon_core.shell:create_environment_hook('aruco_msgs', 'ld_library_path_lib')
[9.155s] INFO:colcon.colcon_core.shell:Creating environment hook '/home/khadas/roaf3d_ws_loop/src/aruco_marker/aruco_msgs/install/aruco_msgs/share/aruco_msgs/hook/ld_library_path_lib.ps1'
[9.157s] INFO:colcon.colcon_core.shell:Creating environment descriptor '/home/khadas/roaf3d_ws_loop/src/aruco_marker/aruco_msgs/install/aruco_msgs/share/aruco_msgs/hook/ld_library_path_lib.dsv'
[9.158s] INFO:colcon.colcon_core.shell:Creating environment hook '/home/khadas/roaf3d_ws_loop/src/aruco_marker/aruco_msgs/install/aruco_msgs/share/aruco_msgs/hook/ld_library_path_lib.sh'
[9.160s] Level 1:colcon.colcon_core.environment:checking '/home/khadas/roaf3d_ws_loop/src/aruco_marker/aruco_msgs/install/aruco_msgs/bin'
[9.160s] Level 1:colcon.colcon_core.environment:checking '/home/khadas/roaf3d_ws_loop/src/aruco_marker/aruco_msgs/install/aruco_msgs/lib/pkgconfig/aruco_msgs.pc'
[9.161s] Level 1:colcon.colcon_core.environment:checking '/home/khadas/roaf3d_ws_loop/src/aruco_marker/aruco_msgs/install/aruco_msgs/lib/python3.10/site-packages'
[9.162s] Level 1:colcon.colcon_core.environment:checking '/home/khadas/roaf3d_ws_loop/src/aruco_marker/aruco_msgs/install/aruco_msgs/bin'
[9.163s] INFO:colcon.colcon_core.shell:Creating package script '/home/khadas/roaf3d_ws_loop/src/aruco_marker/aruco_msgs/install/aruco_msgs/share/aruco_msgs/package.ps1'
[9.165s] INFO:colcon.colcon_core.shell:Creating package descriptor '/home/khadas/roaf3d_ws_loop/src/aruco_marker/aruco_msgs/install/aruco_msgs/share/aruco_msgs/package.dsv'
[9.166s] INFO:colcon.colcon_core.shell:Creating package script '/home/khadas/roaf3d_ws_loop/src/aruco_marker/aruco_msgs/install/aruco_msgs/share/aruco_msgs/package.sh'
[9.168s] INFO:colcon.colcon_core.shell:Creating package script '/home/khadas/roaf3d_ws_loop/src/aruco_marker/aruco_msgs/install/aruco_msgs/share/aruco_msgs/package.bash'
[9.170s] INFO:colcon.colcon_core.shell:Creating package script '/home/khadas/roaf3d_ws_loop/src/aruco_marker/aruco_msgs/install/aruco_msgs/share/aruco_msgs/package.zsh'
[9.171s] Level 1:colcon.colcon_core.environment:create_file_with_runtime_dependencies(/home/khadas/roaf3d_ws_loop/src/aruco_marker/aruco_msgs/install/aruco_msgs/share/colcon-core/packages/aruco_msgs)
[9.278s] Level 1:colcon.colcon_core.environment:create_environment_scripts_only(aruco_msgs)
[9.279s] Level 1:colcon.colcon_core.environment:checking '/home/khadas/roaf3d_ws_loop/src/aruco_marker/aruco_msgs/install/aruco_msgs' for CMake module files
[9.282s] Level 1:colcon.colcon_core.environment:checking '/home/khadas/roaf3d_ws_loop/src/aruco_marker/aruco_msgs/install/aruco_msgs' for CMake config files
[9.285s] Level 1:colcon.colcon_core.shell:create_environment_hook('aruco_msgs', 'cmake_prefix_path')
[9.286s] INFO:colcon.colcon_core.shell:Creating environment hook '/home/khadas/roaf3d_ws_loop/src/aruco_marker/aruco_msgs/install/aruco_msgs/share/aruco_msgs/hook/cmake_prefix_path.ps1'
[9.288s] INFO:colcon.colcon_core.shell:Creating environment descriptor '/home/khadas/roaf3d_ws_loop/src/aruco_marker/aruco_msgs/install/aruco_msgs/share/aruco_msgs/hook/cmake_prefix_path.dsv'
[9.289s] INFO:colcon.colcon_core.shell:Creating environment hook '/home/khadas/roaf3d_ws_loop/src/aruco_marker/aruco_msgs/install/aruco_msgs/share/aruco_msgs/hook/cmake_prefix_path.sh'
[9.291s] Level 1:colcon.colcon_core.environment:checking '/home/khadas/roaf3d_ws_loop/src/aruco_marker/aruco_msgs/install/aruco_msgs/lib'
[9.291s] Level 1:colcon.colcon_core.shell:create_environment_hook('aruco_msgs', 'ld_library_path_lib')
[9.292s] INFO:colcon.colcon_core.shell:Creating environment hook '/home/khadas/roaf3d_ws_loop/src/aruco_marker/aruco_msgs/install/aruco_msgs/share/aruco_msgs/hook/ld_library_path_lib.ps1'
[9.293s] INFO:colcon.colcon_core.shell:Creating environment descriptor '/home/khadas/roaf3d_ws_loop/src/aruco_marker/aruco_msgs/install/aruco_msgs/share/aruco_msgs/hook/ld_library_path_lib.dsv'
[9.294s] INFO:colcon.colcon_core.shell:Creating environment hook '/home/khadas/roaf3d_ws_loop/src/aruco_marker/aruco_msgs/install/aruco_msgs/share/aruco_msgs/hook/ld_library_path_lib.sh'
[9.295s] Level 1:colcon.colcon_core.environment:checking '/home/khadas/roaf3d_ws_loop/src/aruco_marker/aruco_msgs/install/aruco_msgs/bin'
[9.295s] Level 1:colcon.colcon_core.environment:checking '/home/khadas/roaf3d_ws_loop/src/aruco_marker/aruco_msgs/install/aruco_msgs/lib/pkgconfig/aruco_msgs.pc'
[9.296s] Level 1:colcon.colcon_core.environment:checking '/home/khadas/roaf3d_ws_loop/src/aruco_marker/aruco_msgs/install/aruco_msgs/lib/python3.10/site-packages'
[9.296s] Level 1:colcon.colcon_core.environment:checking '/home/khadas/roaf3d_ws_loop/src/aruco_marker/aruco_msgs/install/aruco_msgs/bin'
[9.297s] INFO:colcon.colcon_core.shell:Creating package script '/home/khadas/roaf3d_ws_loop/src/aruco_marker/aruco_msgs/install/aruco_msgs/share/aruco_msgs/package.ps1'
[9.298s] INFO:colcon.colcon_core.shell:Creating package descriptor '/home/khadas/roaf3d_ws_loop/src/aruco_marker/aruco_msgs/install/aruco_msgs/share/aruco_msgs/package.dsv'
[9.299s] INFO:colcon.colcon_core.shell:Creating package script '/home/khadas/roaf3d_ws_loop/src/aruco_marker/aruco_msgs/install/aruco_msgs/share/aruco_msgs/package.sh'
[9.301s] INFO:colcon.colcon_core.shell:Creating package script '/home/khadas/roaf3d_ws_loop/src/aruco_marker/aruco_msgs/install/aruco_msgs/share/aruco_msgs/package.bash'
[9.302s] INFO:colcon.colcon_core.shell:Creating package script '/home/khadas/roaf3d_ws_loop/src/aruco_marker/aruco_msgs/install/aruco_msgs/share/aruco_msgs/package.zsh'
[9.303s] Level 1:colcon.colcon_core.environment:create_file_with_runtime_dependencies(/home/khadas/roaf3d_ws_loop/src/aruco_marker/aruco_msgs/install/aruco_msgs/share/colcon-core/packages/aruco_msgs)
[9.304s] DEBUG:colcon.colcon_parallel_executor.executor.parallel:closing loop
[9.305s] DEBUG:colcon.colcon_parallel_executor.executor.parallel:loop closed
[9.305s] DEBUG:colcon.colcon_parallel_executor.executor.parallel:run_until_complete finished with '0'
[9.306s] DEBUG:colcon.colcon_core.event_reactor:joining thread
[9.324s] INFO:colcon.colcon_core.plugin_system:Skipping extension 'colcon_notification.desktop_notification.terminal_notifier': Not used on non-Darwin systems
[9.324s] INFO:colcon.colcon_core.plugin_system:Skipping extension 'colcon_notification.desktop_notification.win32': Not used on non-Windows systems
[9.324s] INFO:colcon.colcon_notification.desktop_notification:Sending desktop notification using 'notify2'
[9.370s] DEBUG:colcon.colcon_core.event_reactor:joined thread
[9.371s] INFO:colcon.colcon_core.shell:Creating prefix script '/home/khadas/roaf3d_ws_loop/src/aruco_marker/aruco_msgs/install/local_setup.ps1'
[9.375s] INFO:colcon.colcon_core.shell:Creating prefix util module '/home/khadas/roaf3d_ws_loop/src/aruco_marker/aruco_msgs/install/_local_setup_util_ps1.py'
[9.380s] INFO:colcon.colcon_core.shell:Creating prefix chain script '/home/khadas/roaf3d_ws_loop/src/aruco_marker/aruco_msgs/install/setup.ps1'
[9.383s] INFO:colcon.colcon_core.shell:Creating prefix script '/home/khadas/roaf3d_ws_loop/src/aruco_marker/aruco_msgs/install/local_setup.sh'
[9.385s] INFO:colcon.colcon_core.shell:Creating prefix util module '/home/khadas/roaf3d_ws_loop/src/aruco_marker/aruco_msgs/install/_local_setup_util_sh.py'
[9.387s] INFO:colcon.colcon_core.shell:Creating prefix chain script '/home/khadas/roaf3d_ws_loop/src/aruco_marker/aruco_msgs/install/setup.sh'
[9.391s] INFO:colcon.colcon_core.shell:Creating prefix script '/home/khadas/roaf3d_ws_loop/src/aruco_marker/aruco_msgs/install/local_setup.bash'
[9.392s] INFO:colcon.colcon_core.shell:Creating prefix chain script '/home/khadas/roaf3d_ws_loop/src/aruco_marker/aruco_msgs/install/setup.bash'
[9.395s] INFO:colcon.colcon_core.shell:Creating prefix script '/home/khadas/roaf3d_ws_loop/src/aruco_marker/aruco_msgs/install/local_setup.zsh'
[9.396s] INFO:colcon.colcon_core.shell:Creating prefix chain script '/home/khadas/roaf3d_ws_loop/src/aruco_marker/aruco_msgs/install/setup.zsh'
