[0.224s] DEBUG:colcon:Command line arguments: ['/usr/bin/colcon', 'build', '--symlink-install', '--packages-select', 'pwm_control']
[0.224s] DEBUG:colcon:Parsed command line arguments: Namespace(log_base=None, log_level=None, verb_name='build', build_base='build', install_base='install', merge_install=False, symlink_install=True, test_result_base=None, continue_on_error=False, executor='parallel', parallel_workers=8, event_handlers=None, ignore_user_meta=False, metas=['./colcon.meta'], base_paths=['.'], packages_ignore=None, packages_ignore_regex=None, paths=None, packages_up_to=None, packages_up_to_regex=None, packages_above=None, packages_above_and_dependencies=None, packages_above_depth=None, packages_select_by_dep=None, packages_skip_by_dep=None, packages_skip_up_to=None, packages_select_build_failed=False, packages_skip_build_finished=False, packages_select_test_failures=False, packages_skip_test_passed=False, packages_select=['pwm_control'], packages_skip=None, packages_select_regex=None, packages_skip_regex=None, packages_start=None, packages_end=None, allow_overriding=[], cmake_args=None, cmake_target=None, cmake_target_skip_unavailable=False, cmake_clean_cache=False, cmake_clean_first=False, cmake_force_configure=False, ament_cmake_args=None, catkin_cmake_args=None, catkin_skip_building_tests=False, verb_parser=<colcon_defaults.argument_parser.defaults.DefaultArgumentsDecorator object at 0xffff8f9ccd90>, verb_extension=<colcon_core.verb.build.BuildVerb object at 0xffff8f9cc940>, main=<bound method BuildVerb.main of <colcon_core.verb.build.BuildVerb object at 0xffff8f9cc940>>)
[0.574s] Level 1:colcon.colcon_core.package_discovery:discover_packages(colcon_meta) check parameters
[0.574s] Level 1:colcon.colcon_core.package_discovery:discover_packages(recursive) check parameters
[0.574s] Level 1:colcon.colcon_core.package_discovery:discover_packages(ignore) check parameters
[0.575s] Level 1:colcon.colcon_core.package_discovery:discover_packages(path) check parameters
[0.575s] Level 1:colcon.colcon_core.package_discovery:discover_packages(colcon_meta) discover
[0.575s] Level 1:colcon.colcon_core.package_discovery:discover_packages(recursive) discover
[0.575s] INFO:colcon.colcon_core.package_discovery:Crawling recursively for packages in '/home/khadas/roaf3d_ws_loop/src/pwm_control'
[0.575s] Level 1:colcon.colcon_core.package_identification:_identify(.) by extensions ['ignore', 'ignore_ament_install']
[0.576s] Level 1:colcon.colcon_core.package_identification:_identify(.) by extension 'ignore'
[0.576s] Level 1:colcon.colcon_core.package_identification:_identify(.) by extension 'ignore_ament_install'
[0.576s] Level 1:colcon.colcon_core.package_identification:_identify(.) by extensions ['colcon_pkg']
[0.576s] Level 1:colcon.colcon_core.package_identification:_identify(.) by extension 'colcon_pkg'
[0.576s] Level 1:colcon.colcon_core.package_identification:_identify(.) by extensions ['colcon_meta']
[0.576s] Level 1:colcon.colcon_core.package_identification:_identify(.) by extension 'colcon_meta'
[0.576s] Level 1:colcon.colcon_core.package_identification:_identify(.) by extensions ['ros']
[0.576s] Level 1:colcon.colcon_core.package_identification:_identify(.) by extension 'ros'
[0.604s] DEBUG:colcon.colcon_core.package_identification:Package '.' with type 'ros.ament_python' and name 'pwm_control'
[0.605s] Level 1:colcon.colcon_core.package_discovery:discover_packages(recursive) using defaults
[0.605s] Level 1:colcon.colcon_core.package_discovery:discover_packages(ignore) discover
[0.605s] Level 1:colcon.colcon_core.package_discovery:discover_packages(ignore) using defaults
[0.605s] Level 1:colcon.colcon_core.package_discovery:discover_packages(path) discover
[0.605s] Level 1:colcon.colcon_core.package_discovery:discover_packages(path) using defaults
[0.646s] Level 1:colcon.colcon_core.package_discovery:discover_packages(prefix_path) check parameters
[0.647s] Level 1:colcon.colcon_core.package_discovery:discover_packages(prefix_path) discover
[0.650s] WARNING:colcon.colcon_ros.prefix_path.catkin:The path '/path/to/JetsonGPIO' in the environment variable CMAKE_PREFIX_PATH doesn't exist
[0.652s] DEBUG:colcon.colcon_installed_package_information.package_discovery:Found 1 installed packages in /home/khadas/roaf3d_ws_loop/src/pwm_control/install
[0.653s] DEBUG:colcon.colcon_installed_package_information.package_discovery:Found 1 installed packages in /home/khadas/server_ros2/install
[0.655s] DEBUG:colcon.colcon_installed_package_information.package_discovery:Found 20 installed packages in /home/khadas/roaf3d_ws_loop/install
[0.656s] DEBUG:colcon.colcon_installed_package_information.package_discovery:Found 1 installed packages in /home/khadas/roaf3d_ws_loop/src/aruco_marker/aruco_msgs/install
[0.659s] DEBUG:colcon.colcon_installed_package_information.package_discovery:Found 274 installed packages in /opt/ros/humble
[0.691s] Level 1:colcon.colcon_core.package_discovery:discover_packages(prefix_path) using defaults
[0.772s] Level 5:colcon.colcon_core.verb:set package 'pwm_control' build argument 'cmake_args' from command line to 'None'
[0.772s] Level 5:colcon.colcon_core.verb:set package 'pwm_control' build argument 'cmake_target' from command line to 'None'
[0.772s] Level 5:colcon.colcon_core.verb:set package 'pwm_control' build argument 'cmake_target_skip_unavailable' from command line to 'False'
[0.772s] Level 5:colcon.colcon_core.verb:set package 'pwm_control' build argument 'cmake_clean_cache' from command line to 'False'
[0.772s] Level 5:colcon.colcon_core.verb:set package 'pwm_control' build argument 'cmake_clean_first' from command line to 'False'
[0.772s] Level 5:colcon.colcon_core.verb:set package 'pwm_control' build argument 'cmake_force_configure' from command line to 'False'
[0.772s] Level 5:colcon.colcon_core.verb:set package 'pwm_control' build argument 'ament_cmake_args' from command line to 'None'
[0.772s] Level 5:colcon.colcon_core.verb:set package 'pwm_control' build argument 'catkin_cmake_args' from command line to 'None'
[0.772s] Level 5:colcon.colcon_core.verb:set package 'pwm_control' build argument 'catkin_skip_building_tests' from command line to 'False'
[0.772s] DEBUG:colcon.colcon_core.verb:Building package 'pwm_control' with the following arguments: {'ament_cmake_args': None, 'build_base': '/home/khadas/roaf3d_ws_loop/src/pwm_control/build/pwm_control', 'catkin_cmake_args': None, 'catkin_skip_building_tests': False, 'cmake_args': None, 'cmake_clean_cache': False, 'cmake_clean_first': False, 'cmake_force_configure': False, 'cmake_target': None, 'cmake_target_skip_unavailable': False, 'install_base': '/home/khadas/roaf3d_ws_loop/src/pwm_control/install/pwm_control', 'merge_install': False, 'path': '/home/khadas/roaf3d_ws_loop/src/pwm_control', 'symlink_install': True, 'test_result_base': None}
[0.773s] INFO:colcon.colcon_core.executor:Executing jobs using 'parallel' executor
[0.775s] DEBUG:colcon.colcon_parallel_executor.executor.parallel:run_until_complete
[0.776s] INFO:colcon.colcon_ros.task.ament_python.build:Building ROS package in '/home/khadas/roaf3d_ws_loop/src/pwm_control' with build type 'ament_python'
[0.776s] Level 1:colcon.colcon_core.shell:create_environment_hook('pwm_control', 'ament_prefix_path')
[0.781s] INFO:colcon.colcon_core.plugin_system:Skipping extension 'colcon_core.shell.bat': Not used on non-Windows systems
[0.781s] INFO:colcon.colcon_core.shell:Creating environment hook '/home/khadas/roaf3d_ws_loop/src/pwm_control/install/pwm_control/share/pwm_control/hook/ament_prefix_path.ps1'
[0.783s] INFO:colcon.colcon_core.shell:Creating environment descriptor '/home/khadas/roaf3d_ws_loop/src/pwm_control/install/pwm_control/share/pwm_control/hook/ament_prefix_path.dsv'
[0.784s] INFO:colcon.colcon_core.shell:Creating environment hook '/home/khadas/roaf3d_ws_loop/src/pwm_control/install/pwm_control/share/pwm_control/hook/ament_prefix_path.sh'
[0.786s] INFO:colcon.colcon_core.shell:Skip shell extension 'powershell' for command environment: Not usable outside of PowerShell
[0.786s] DEBUG:colcon.colcon_core.shell:Skip shell extension 'dsv' for command environment
[1.351s] INFO:colcon.colcon_core.task.python.build:Building Python package in '/home/khadas/roaf3d_ws_loop/src/pwm_control'
[1.352s] INFO:colcon.colcon_core.shell:Skip shell extension 'powershell' for command environment: Not usable outside of PowerShell
[1.352s] DEBUG:colcon.colcon_core.shell:Skip shell extension 'dsv' for command environment
[2.130s] DEBUG:colcon.colcon_core.event_handler.log_command:Invoking command in '/home/khadas/roaf3d_ws_loop/src/pwm_control/build/pwm_control': PYTHONPATH=/home/khadas/roaf3d_ws_loop/src/pwm_control/build/pwm_control/prefix_override:/usr/lib/python3/dist-packages/colcon_core/task/python/colcon_distutils_commands:/home/khadas/roaf3d_ws_loop/src/pwm_control/install/pwm_control/lib/python3.10/site-packages:${PYTHONPATH} /usr/bin/python3 -W ignore:setup.py install is deprecated setup.py develop --editable --build-directory /home/khadas/roaf3d_ws_loop/src/pwm_control/build/pwm_control/build --no-deps symlink_data
[3.096s] Level 1:colcon.colcon_core.shell:create_environment_hook('pwm_control', 'pythonpath_develop')
[3.098s] INFO:colcon.colcon_core.shell:Creating environment hook '/home/khadas/roaf3d_ws_loop/src/pwm_control/build/pwm_control/share/pwm_control/hook/pythonpath_develop.ps1'
[3.099s] DEBUG:colcon.colcon_core.event_handler.log_command:Invoked command in '/home/khadas/roaf3d_ws_loop/src/pwm_control/build/pwm_control' returned '0': PYTHONPATH=/home/khadas/roaf3d_ws_loop/src/pwm_control/build/pwm_control/prefix_override:/usr/lib/python3/dist-packages/colcon_core/task/python/colcon_distutils_commands:/home/khadas/roaf3d_ws_loop/src/pwm_control/install/pwm_control/lib/python3.10/site-packages:${PYTHONPATH} /usr/bin/python3 -W ignore:setup.py install is deprecated setup.py develop --editable --build-directory /home/khadas/roaf3d_ws_loop/src/pwm_control/build/pwm_control/build --no-deps symlink_data
[3.101s] INFO:colcon.colcon_core.shell:Creating environment descriptor '/home/khadas/roaf3d_ws_loop/src/pwm_control/build/pwm_control/share/pwm_control/hook/pythonpath_develop.dsv'
[3.103s] INFO:colcon.colcon_core.shell:Creating environment hook '/home/khadas/roaf3d_ws_loop/src/pwm_control/build/pwm_control/share/pwm_control/hook/pythonpath_develop.sh'
[3.115s] Level 1:colcon.colcon_core.environment:checking '/home/khadas/roaf3d_ws_loop/src/pwm_control/install/pwm_control' for CMake module files
[3.117s] Level 1:colcon.colcon_core.environment:checking '/home/khadas/roaf3d_ws_loop/src/pwm_control/install/pwm_control' for CMake config files
[3.119s] Level 1:colcon.colcon_core.environment:checking '/home/khadas/roaf3d_ws_loop/src/pwm_control/install/pwm_control/lib'
[3.120s] Level 1:colcon.colcon_core.environment:checking '/home/khadas/roaf3d_ws_loop/src/pwm_control/install/pwm_control/bin'
[3.120s] Level 1:colcon.colcon_core.environment:checking '/home/khadas/roaf3d_ws_loop/src/pwm_control/install/pwm_control/lib/pkgconfig/pwm_control.pc'
[3.121s] Level 1:colcon.colcon_core.environment:checking '/home/khadas/roaf3d_ws_loop/src/pwm_control/install/pwm_control/lib/python3.10/site-packages'
[3.122s] Level 1:colcon.colcon_core.shell:create_environment_hook('pwm_control', 'pythonpath')
[3.123s] INFO:colcon.colcon_core.shell:Creating environment hook '/home/khadas/roaf3d_ws_loop/src/pwm_control/install/pwm_control/share/pwm_control/hook/pythonpath.ps1'
[3.125s] INFO:colcon.colcon_core.shell:Creating environment descriptor '/home/khadas/roaf3d_ws_loop/src/pwm_control/install/pwm_control/share/pwm_control/hook/pythonpath.dsv'
[3.126s] INFO:colcon.colcon_core.shell:Creating environment hook '/home/khadas/roaf3d_ws_loop/src/pwm_control/install/pwm_control/share/pwm_control/hook/pythonpath.sh'
[3.129s] Level 1:colcon.colcon_core.environment:checking '/home/khadas/roaf3d_ws_loop/src/pwm_control/install/pwm_control/bin'
[3.129s] Level 1:colcon.colcon_core.environment:create_environment_scripts_only(pwm_control)
[3.131s] INFO:colcon.colcon_core.shell:Creating package script '/home/khadas/roaf3d_ws_loop/src/pwm_control/install/pwm_control/share/pwm_control/package.ps1'
[3.134s] INFO:colcon.colcon_core.shell:Creating package descriptor '/home/khadas/roaf3d_ws_loop/src/pwm_control/install/pwm_control/share/pwm_control/package.dsv'
[3.137s] INFO:colcon.colcon_core.shell:Creating package script '/home/khadas/roaf3d_ws_loop/src/pwm_control/install/pwm_control/share/pwm_control/package.sh'
[3.140s] INFO:colcon.colcon_core.shell:Creating package script '/home/khadas/roaf3d_ws_loop/src/pwm_control/install/pwm_control/share/pwm_control/package.bash'
[3.143s] INFO:colcon.colcon_core.shell:Creating package script '/home/khadas/roaf3d_ws_loop/src/pwm_control/install/pwm_control/share/pwm_control/package.zsh'
[3.147s] Level 1:colcon.colcon_core.environment:create_file_with_runtime_dependencies(/home/khadas/roaf3d_ws_loop/src/pwm_control/install/pwm_control/share/colcon-core/packages/pwm_control)
[3.148s] DEBUG:colcon.colcon_parallel_executor.executor.parallel:closing loop
[3.149s] DEBUG:colcon.colcon_parallel_executor.executor.parallel:loop closed
[3.149s] DEBUG:colcon.colcon_parallel_executor.executor.parallel:run_until_complete finished with '0'
[3.150s] DEBUG:colcon.colcon_core.event_reactor:joining thread
[3.173s] INFO:colcon.colcon_core.plugin_system:Skipping extension 'colcon_notification.desktop_notification.terminal_notifier': Not used on non-Darwin systems
[3.173s] INFO:colcon.colcon_core.plugin_system:Skipping extension 'colcon_notification.desktop_notification.win32': Not used on non-Windows systems
[3.174s] INFO:colcon.colcon_notification.desktop_notification:Sending desktop notification using 'notify2'
[3.201s] DEBUG:colcon.colcon_notification.desktop_notification.notify2:Failed to initialize notify2: org.freedesktop.DBus.Error.Spawn.ChildExited: Process org.freedesktop.Notifications exited with status 1
[3.202s] DEBUG:colcon.colcon_core.event_reactor:joined thread
[3.203s] INFO:colcon.colcon_core.shell:Creating prefix script '/home/khadas/roaf3d_ws_loop/src/pwm_control/install/local_setup.ps1'
[3.207s] INFO:colcon.colcon_core.shell:Creating prefix util module '/home/khadas/roaf3d_ws_loop/src/pwm_control/install/_local_setup_util_ps1.py'
[3.213s] INFO:colcon.colcon_core.shell:Creating prefix chain script '/home/khadas/roaf3d_ws_loop/src/pwm_control/install/setup.ps1'
[3.223s] INFO:colcon.colcon_core.shell:Creating prefix script '/home/khadas/roaf3d_ws_loop/src/pwm_control/install/local_setup.sh'
[3.225s] INFO:colcon.colcon_core.shell:Creating prefix util module '/home/khadas/roaf3d_ws_loop/src/pwm_control/install/_local_setup_util_sh.py'
[3.228s] INFO:colcon.colcon_core.shell:Creating prefix chain script '/home/khadas/roaf3d_ws_loop/src/pwm_control/install/setup.sh'
[3.236s] INFO:colcon.colcon_core.shell:Creating prefix script '/home/khadas/roaf3d_ws_loop/src/pwm_control/install/local_setup.bash'
[3.238s] INFO:colcon.colcon_core.shell:Creating prefix chain script '/home/khadas/roaf3d_ws_loop/src/pwm_control/install/setup.bash'
[3.246s] INFO:colcon.colcon_core.shell:Creating prefix script '/home/khadas/roaf3d_ws_loop/src/pwm_control/install/local_setup.zsh'
[3.248s] INFO:colcon.colcon_core.shell:Creating prefix chain script '/home/khadas/roaf3d_ws_loop/src/pwm_control/install/setup.zsh'
