[0.222s] DEBUG:colcon:Command line arguments: ['/usr/bin/colcon', 'build', '--symlink-install', '--packages-select', 'pwm_control']
[0.222s] DEBUG:colcon:Parsed command line arguments: Namespace(log_base=None, log_level=None, verb_name='build', build_base='build', install_base='install', merge_install=False, symlink_install=True, test_result_base=None, continue_on_error=False, executor='parallel', parallel_workers=8, event_handlers=None, ignore_user_meta=False, metas=['./colcon.meta'], base_paths=['.'], packages_ignore=None, packages_ignore_regex=None, paths=None, packages_up_to=None, packages_up_to_regex=None, packages_above=None, packages_above_and_dependencies=None, packages_above_depth=None, packages_select_by_dep=None, packages_skip_by_dep=None, packages_skip_up_to=None, packages_select_build_failed=False, packages_skip_build_finished=False, packages_select_test_failures=False, packages_skip_test_passed=False, packages_select=['pwm_control'], packages_skip=None, packages_select_regex=None, packages_skip_regex=None, packages_start=None, packages_end=None, allow_overriding=[], cmake_args=None, cmake_target=None, cmake_target_skip_unavailable=False, cmake_clean_cache=False, cmake_clean_first=False, cmake_force_configure=False, ament_cmake_args=None, catkin_cmake_args=None, catkin_skip_building_tests=False, verb_parser=<colcon_defaults.argument_parser.defaults.DefaultArgumentsDecorator object at 0xffff93eec8b0>, verb_extension=<colcon_core.verb.build.BuildVerb object at 0xffff93eec3d0>, main=<bound method BuildVerb.main of <colcon_core.verb.build.BuildVerb object at 0xffff93eec3d0>>)
[0.570s] Level 1:colcon.colcon_core.package_discovery:discover_packages(colcon_meta) check parameters
[0.570s] Level 1:colcon.colcon_core.package_discovery:discover_packages(recursive) check parameters
[0.570s] Level 1:colcon.colcon_core.package_discovery:discover_packages(ignore) check parameters
[0.570s] Level 1:colcon.colcon_core.package_discovery:discover_packages(path) check parameters
[0.571s] Level 1:colcon.colcon_core.package_discovery:discover_packages(colcon_meta) discover
[0.571s] Level 1:colcon.colcon_core.package_discovery:discover_packages(recursive) discover
[0.571s] INFO:colcon.colcon_core.package_discovery:Crawling recursively for packages in '/home/khadas/roaf3d_ws_loop/src/pwm_control'
[0.571s] Level 1:colcon.colcon_core.package_identification:_identify(.) by extensions ['ignore', 'ignore_ament_install']
[0.572s] Level 1:colcon.colcon_core.package_identification:_identify(.) by extension 'ignore'
[0.572s] Level 1:colcon.colcon_core.package_identification:_identify(.) by extension 'ignore_ament_install'
[0.572s] Level 1:colcon.colcon_core.package_identification:_identify(.) by extensions ['colcon_pkg']
[0.572s] Level 1:colcon.colcon_core.package_identification:_identify(.) by extension 'colcon_pkg'
[0.572s] Level 1:colcon.colcon_core.package_identification:_identify(.) by extensions ['colcon_meta']
[0.572s] Level 1:colcon.colcon_core.package_identification:_identify(.) by extension 'colcon_meta'
[0.572s] Level 1:colcon.colcon_core.package_identification:_identify(.) by extensions ['ros']
[0.572s] Level 1:colcon.colcon_core.package_identification:_identify(.) by extension 'ros'
[0.601s] DEBUG:colcon.colcon_core.package_identification:Package '.' with type 'ros.ament_python' and name 'pwm_control'
[0.601s] Level 1:colcon.colcon_core.package_discovery:discover_packages(recursive) using defaults
[0.601s] Level 1:colcon.colcon_core.package_discovery:discover_packages(ignore) discover
[0.601s] Level 1:colcon.colcon_core.package_discovery:discover_packages(ignore) using defaults
[0.601s] Level 1:colcon.colcon_core.package_discovery:discover_packages(path) discover
[0.602s] Level 1:colcon.colcon_core.package_discovery:discover_packages(path) using defaults
[0.642s] Level 1:colcon.colcon_core.package_discovery:discover_packages(prefix_path) check parameters
[0.643s] Level 1:colcon.colcon_core.package_discovery:discover_packages(prefix_path) discover
[0.646s] WARNING:colcon.colcon_ros.prefix_path.catkin:The path '/path/to/JetsonGPIO' in the environment variable CMAKE_PREFIX_PATH doesn't exist
[0.648s] DEBUG:colcon.colcon_installed_package_information.package_discovery:Found 1 installed packages in /home/khadas/server_ros2/install
[0.650s] DEBUG:colcon.colcon_installed_package_information.package_discovery:Found 20 installed packages in /home/khadas/roaf3d_ws_loop/install
[0.651s] DEBUG:colcon.colcon_installed_package_information.package_discovery:Found 1 installed packages in /home/khadas/roaf3d_ws_loop/src/aruco_marker/aruco_msgs/install
[0.654s] DEBUG:colcon.colcon_installed_package_information.package_discovery:Found 274 installed packages in /opt/ros/humble
[0.686s] Level 1:colcon.colcon_core.package_discovery:discover_packages(prefix_path) using defaults
[0.766s] Level 5:colcon.colcon_core.verb:set package 'pwm_control' build argument 'cmake_args' from command line to 'None'
[0.767s] Level 5:colcon.colcon_core.verb:set package 'pwm_control' build argument 'cmake_target' from command line to 'None'
[0.767s] Level 5:colcon.colcon_core.verb:set package 'pwm_control' build argument 'cmake_target_skip_unavailable' from command line to 'False'
[0.767s] Level 5:colcon.colcon_core.verb:set package 'pwm_control' build argument 'cmake_clean_cache' from command line to 'False'
[0.767s] Level 5:colcon.colcon_core.verb:set package 'pwm_control' build argument 'cmake_clean_first' from command line to 'False'
[0.767s] Level 5:colcon.colcon_core.verb:set package 'pwm_control' build argument 'cmake_force_configure' from command line to 'False'
[0.767s] Level 5:colcon.colcon_core.verb:set package 'pwm_control' build argument 'ament_cmake_args' from command line to 'None'
[0.767s] Level 5:colcon.colcon_core.verb:set package 'pwm_control' build argument 'catkin_cmake_args' from command line to 'None'
[0.767s] Level 5:colcon.colcon_core.verb:set package 'pwm_control' build argument 'catkin_skip_building_tests' from command line to 'False'
[0.767s] DEBUG:colcon.colcon_core.verb:Building package 'pwm_control' with the following arguments: {'ament_cmake_args': None, 'build_base': '/home/khadas/roaf3d_ws_loop/src/pwm_control/build/pwm_control', 'catkin_cmake_args': None, 'catkin_skip_building_tests': False, 'cmake_args': None, 'cmake_clean_cache': False, 'cmake_clean_first': False, 'cmake_force_configure': False, 'cmake_target': None, 'cmake_target_skip_unavailable': False, 'install_base': '/home/khadas/roaf3d_ws_loop/src/pwm_control/install/pwm_control', 'merge_install': False, 'path': '/home/khadas/roaf3d_ws_loop/src/pwm_control', 'symlink_install': True, 'test_result_base': None}
[0.768s] INFO:colcon.colcon_core.executor:Executing jobs using 'parallel' executor
[0.770s] DEBUG:colcon.colcon_parallel_executor.executor.parallel:run_until_complete
[0.771s] INFO:colcon.colcon_ros.task.ament_python.build:Building ROS package in '/home/khadas/roaf3d_ws_loop/src/pwm_control' with build type 'ament_python'
[0.771s] Level 1:colcon.colcon_core.shell:create_environment_hook('pwm_control', 'ament_prefix_path')
[0.775s] INFO:colcon.colcon_core.plugin_system:Skipping extension 'colcon_core.shell.bat': Not used on non-Windows systems
[0.776s] INFO:colcon.colcon_core.shell:Creating environment hook '/home/khadas/roaf3d_ws_loop/src/pwm_control/install/pwm_control/share/pwm_control/hook/ament_prefix_path.ps1'
[0.777s] INFO:colcon.colcon_core.shell:Creating environment descriptor '/home/khadas/roaf3d_ws_loop/src/pwm_control/install/pwm_control/share/pwm_control/hook/ament_prefix_path.dsv'
[0.778s] INFO:colcon.colcon_core.shell:Creating environment hook '/home/khadas/roaf3d_ws_loop/src/pwm_control/install/pwm_control/share/pwm_control/hook/ament_prefix_path.sh'
[0.780s] INFO:colcon.colcon_core.shell:Skip shell extension 'powershell' for command environment: Not usable outside of PowerShell
[0.780s] DEBUG:colcon.colcon_core.shell:Skip shell extension 'dsv' for command environment
[1.366s] INFO:colcon.colcon_core.task.python.build:Building Python package in '/home/khadas/roaf3d_ws_loop/src/pwm_control'
[1.367s] INFO:colcon.colcon_core.shell:Skip shell extension 'powershell' for command environment: Not usable outside of PowerShell
[1.367s] DEBUG:colcon.colcon_core.shell:Skip shell extension 'dsv' for command environment
[2.110s] DEBUG:colcon.colcon_core.event_handler.log_command:Invoking command in '/home/khadas/roaf3d_ws_loop/src/pwm_control/build/pwm_control': PYTHONPATH=/home/khadas/roaf3d_ws_loop/src/pwm_control/build/pwm_control/prefix_override:/usr/lib/python3/dist-packages/colcon_core/task/python/colcon_distutils_commands:/home/khadas/roaf3d_ws_loop/src/pwm_control/install/pwm_control/lib/python3.10/site-packages:${PYTHONPATH} /usr/bin/python3 -W ignore:setup.py install is deprecated setup.py develop --editable --build-directory /home/khadas/roaf3d_ws_loop/src/pwm_control/build/pwm_control/build --no-deps symlink_data
[3.091s] Level 1:colcon.colcon_core.shell:create_environment_hook('pwm_control', 'pythonpath_develop')
[3.092s] INFO:colcon.colcon_core.shell:Creating environment hook '/home/khadas/roaf3d_ws_loop/src/pwm_control/build/pwm_control/share/pwm_control/hook/pythonpath_develop.ps1'
[3.093s] DEBUG:colcon.colcon_core.event_handler.log_command:Invoked command in '/home/khadas/roaf3d_ws_loop/src/pwm_control/build/pwm_control' returned '0': PYTHONPATH=/home/khadas/roaf3d_ws_loop/src/pwm_control/build/pwm_control/prefix_override:/usr/lib/python3/dist-packages/colcon_core/task/python/colcon_distutils_commands:/home/khadas/roaf3d_ws_loop/src/pwm_control/install/pwm_control/lib/python3.10/site-packages:${PYTHONPATH} /usr/bin/python3 -W ignore:setup.py install is deprecated setup.py develop --editable --build-directory /home/khadas/roaf3d_ws_loop/src/pwm_control/build/pwm_control/build --no-deps symlink_data
[3.095s] INFO:colcon.colcon_core.shell:Creating environment descriptor '/home/khadas/roaf3d_ws_loop/src/pwm_control/build/pwm_control/share/pwm_control/hook/pythonpath_develop.dsv'
[3.096s] INFO:colcon.colcon_core.shell:Creating environment hook '/home/khadas/roaf3d_ws_loop/src/pwm_control/build/pwm_control/share/pwm_control/hook/pythonpath_develop.sh'
[3.106s] Level 1:colcon.colcon_core.environment:checking '/home/khadas/roaf3d_ws_loop/src/pwm_control/install/pwm_control' for CMake module files
[3.108s] Level 1:colcon.colcon_core.environment:checking '/home/khadas/roaf3d_ws_loop/src/pwm_control/install/pwm_control' for CMake config files
[3.110s] Level 1:colcon.colcon_core.environment:checking '/home/khadas/roaf3d_ws_loop/src/pwm_control/install/pwm_control/lib'
[3.111s] Level 1:colcon.colcon_core.environment:checking '/home/khadas/roaf3d_ws_loop/src/pwm_control/install/pwm_control/bin'
[3.111s] Level 1:colcon.colcon_core.environment:checking '/home/khadas/roaf3d_ws_loop/src/pwm_control/install/pwm_control/lib/pkgconfig/pwm_control.pc'
[3.112s] Level 1:colcon.colcon_core.environment:checking '/home/khadas/roaf3d_ws_loop/src/pwm_control/install/pwm_control/lib/python3.10/site-packages'
[3.112s] Level 1:colcon.colcon_core.shell:create_environment_hook('pwm_control', 'pythonpath')
[3.113s] INFO:colcon.colcon_core.shell:Creating environment hook '/home/khadas/roaf3d_ws_loop/src/pwm_control/install/pwm_control/share/pwm_control/hook/pythonpath.ps1'
[3.114s] INFO:colcon.colcon_core.shell:Creating environment descriptor '/home/khadas/roaf3d_ws_loop/src/pwm_control/install/pwm_control/share/pwm_control/hook/pythonpath.dsv'
[3.116s] INFO:colcon.colcon_core.shell:Creating environment hook '/home/khadas/roaf3d_ws_loop/src/pwm_control/install/pwm_control/share/pwm_control/hook/pythonpath.sh'
[3.117s] Level 1:colcon.colcon_core.environment:checking '/home/khadas/roaf3d_ws_loop/src/pwm_control/install/pwm_control/bin'
[3.118s] Level 1:colcon.colcon_core.environment:create_environment_scripts_only(pwm_control)
[3.119s] INFO:colcon.colcon_core.shell:Creating package script '/home/khadas/roaf3d_ws_loop/src/pwm_control/install/pwm_control/share/pwm_control/package.ps1'
[3.122s] INFO:colcon.colcon_core.shell:Creating package descriptor '/home/khadas/roaf3d_ws_loop/src/pwm_control/install/pwm_control/share/pwm_control/package.dsv'
[3.124s] INFO:colcon.colcon_core.shell:Creating package script '/home/khadas/roaf3d_ws_loop/src/pwm_control/install/pwm_control/share/pwm_control/package.sh'
[3.127s] INFO:colcon.colcon_core.shell:Creating package script '/home/khadas/roaf3d_ws_loop/src/pwm_control/install/pwm_control/share/pwm_control/package.bash'
[3.129s] INFO:colcon.colcon_core.shell:Creating package script '/home/khadas/roaf3d_ws_loop/src/pwm_control/install/pwm_control/share/pwm_control/package.zsh'
[3.133s] Level 1:colcon.colcon_core.environment:create_file_with_runtime_dependencies(/home/khadas/roaf3d_ws_loop/src/pwm_control/install/pwm_control/share/colcon-core/packages/pwm_control)
[3.134s] DEBUG:colcon.colcon_parallel_executor.executor.parallel:closing loop
[3.135s] DEBUG:colcon.colcon_parallel_executor.executor.parallel:loop closed
[3.135s] DEBUG:colcon.colcon_parallel_executor.executor.parallel:run_until_complete finished with '0'
[3.136s] DEBUG:colcon.colcon_core.event_reactor:joining thread
[3.155s] INFO:colcon.colcon_core.plugin_system:Skipping extension 'colcon_notification.desktop_notification.terminal_notifier': Not used on non-Darwin systems
[3.155s] INFO:colcon.colcon_core.plugin_system:Skipping extension 'colcon_notification.desktop_notification.win32': Not used on non-Windows systems
[3.156s] INFO:colcon.colcon_notification.desktop_notification:Sending desktop notification using 'notify2'
[3.185s] DEBUG:colcon.colcon_notification.desktop_notification.notify2:Failed to initialize notify2: org.freedesktop.DBus.Error.Spawn.ChildExited: Process org.freedesktop.Notifications exited with status 1
[3.185s] DEBUG:colcon.colcon_core.event_reactor:joined thread
[3.187s] INFO:colcon.colcon_core.shell:Creating prefix script '/home/khadas/roaf3d_ws_loop/src/pwm_control/install/local_setup.ps1'
[3.190s] INFO:colcon.colcon_core.shell:Creating prefix util module '/home/khadas/roaf3d_ws_loop/src/pwm_control/install/_local_setup_util_ps1.py'
[3.196s] INFO:colcon.colcon_core.shell:Creating prefix chain script '/home/khadas/roaf3d_ws_loop/src/pwm_control/install/setup.ps1'
[3.202s] INFO:colcon.colcon_core.shell:Creating prefix script '/home/khadas/roaf3d_ws_loop/src/pwm_control/install/local_setup.sh'
[3.203s] INFO:colcon.colcon_core.shell:Creating prefix util module '/home/khadas/roaf3d_ws_loop/src/pwm_control/install/_local_setup_util_sh.py'
[3.204s] INFO:colcon.colcon_core.shell:Creating prefix chain script '/home/khadas/roaf3d_ws_loop/src/pwm_control/install/setup.sh'
[3.208s] INFO:colcon.colcon_core.shell:Creating prefix script '/home/khadas/roaf3d_ws_loop/src/pwm_control/install/local_setup.bash'
[3.209s] INFO:colcon.colcon_core.shell:Creating prefix chain script '/home/khadas/roaf3d_ws_loop/src/pwm_control/install/setup.bash'
[3.213s] INFO:colcon.colcon_core.shell:Creating prefix script '/home/khadas/roaf3d_ws_loop/src/pwm_control/install/local_setup.zsh'
[3.214s] INFO:colcon.colcon_core.shell:Creating prefix chain script '/home/khadas/roaf3d_ws_loop/src/pwm_control/install/setup.zsh'
