[0.019s] Invoking command in '/home/khadas/roaf3d_ws_loop/src/aruco_marker/aruco_msgs/build/aruco_msgs': CMAKE_PREFIX_PATH=/opt/ros/humble /usr/bin/cmake /home/khadas/roaf3d_ws_loop/src/aruco_marker/aruco_msgs -DAMENT_CMAKE_SYMLINK_INSTALL=1 -DCMAKE_INSTALL_PREFIX=/home/khadas/roaf3d_ws_loop/src/aruco_marker/aruco_msgs/install/aruco_msgs
[0.120s] -- The C compiler identification is GNU 11.4.0
[0.224s] -- The CXX compiler identification is GNU 11.4.0
[0.245s] -- Detecting C compiler ABI info
[0.385s] -- Detecting C compiler ABI info - done
[0.410s] -- Check for working C compiler: /usr/bin/cc - skipped
[0.411s] -- Detecting C compile features
[0.413s] -- Detecting C compile features - done
[0.424s] -- Detecting CXX compiler ABI info
[0.594s] -- Detecting CXX compiler ABI info - done
[0.619s] -- Check for working CXX compiler: /usr/bin/c++ - skipped
[0.620s] -- Detecting CXX compile features
[0.622s] -- Detecting CXX compile features - done
[0.629s] -- Found ament_cmake: 1.3.10 (/opt/ros/humble/share/ament_cmake/cmake)
[0.939s] -- Found Python3: /usr/bin/python3 (found version "3.10.12") found components: Interpreter 
[1.069s] -- Override CMake install command with custom implementation using symlinks instead of copying resources
[1.137s] -- Found rosidl_default_generators: 1.2.0 (/opt/ros/humble/share/rosidl_default_generators/cmake)
[1.144s] -- Using all available rosidl_typesupport_c: rosidl_typesupport_fastrtps_c;rosidl_typesupport_introspection_c
[1.160s] -- Found rosidl_adapter: 3.1.5 (/opt/ros/humble/share/rosidl_adapter/cmake)
[1.232s] -- Using all available rosidl_typesupport_cpp: rosidl_typesupport_fastrtps_cpp;rosidl_typesupport_introspection_cpp
[1.289s] -- Found std_msgs: 4.2.4 (/opt/ros/humble/share/std_msgs/cmake)
[1.891s] -- Found ament_cmake_ros: 0.10.0 (/opt/ros/humble/share/ament_cmake_ros/cmake)
[2.387s] -- Using all available rosidl_typesupport_c: rosidl_typesupport_fastrtps_c;rosidl_typesupport_introspection_c
[3.042s] -- Using all available rosidl_typesupport_cpp: rosidl_typesupport_fastrtps_cpp;rosidl_typesupport_introspection_cpp
[3.091s] -- Found PythonInterp: /usr/bin/python3 (found suitable version "3.10.12", minimum required is "3.6") 
[3.095s] -- Found python_cmake_module: 0.10.0 (/opt/ros/humble/share/python_cmake_module/cmake)
[3.156s] -- Found PythonLibs: /usr/lib/aarch64-linux-gnu/libpython3.10.so (found suitable version "3.10.12", minimum required is "3.5") 
[3.156s] -- Using PYTHON_EXECUTABLE: /usr/bin/python3
[3.156s] -- Using PYTHON_INCLUDE_DIRS: /usr/include/python3.10
[3.157s] -- Using PYTHON_LIBRARIES: /usr/lib/aarch64-linux-gnu/libpython3.10.so
[3.199s] -- Found PythonExtra: .so  
[3.346s] -- Configuring done
[3.411s] -- Generating done
[3.416s] -- Build files have been written to: /home/khadas/roaf3d_ws_loop/src/aruco_marker/aruco_msgs/build/aruco_msgs
[3.432s] Invoked command in '/home/khadas/roaf3d_ws_loop/src/aruco_marker/aruco_msgs/build/aruco_msgs' returned '0': CMAKE_PREFIX_PATH=/opt/ros/humble /usr/bin/cmake /home/khadas/roaf3d_ws_loop/src/aruco_marker/aruco_msgs -DAMENT_CMAKE_SYMLINK_INSTALL=1 -DCMAKE_INSTALL_PREFIX=/home/khadas/roaf3d_ws_loop/src/aruco_marker/aruco_msgs/install/aruco_msgs
[3.437s] Invoking command in '/home/khadas/roaf3d_ws_loop/src/aruco_marker/aruco_msgs/build/aruco_msgs': CMAKE_PREFIX_PATH=/opt/ros/humble /usr/bin/cmake --build /home/khadas/roaf3d_ws_loop/src/aruco_marker/aruco_msgs/build/aruco_msgs -- -j8 -l8
[3.518s] [  3%] [34m[1mGenerating C code for ROS interfaces[0m
[3.538s] [  6%] [34m[1mGenerating C++ code for ROS interfaces[0m
[3.557s] [  6%] Built target ament_cmake_python_symlink_aruco_msgs
[4.060s] [  9%] Built target aruco_msgs__cpp
[4.060s] [  9%] [32mBuilding C object CMakeFiles/aruco_msgs__rosidl_generator_c.dir/rosidl_generator_c/aruco_msgs/msg/detail/aruco_pose__functions.c.o[0m
[4.076s] running egg_info
[4.078s] creating aruco_msgs.egg-info
[4.078s] writing aruco_msgs.egg-info/PKG-INFO
[4.079s] writing dependency_links to aruco_msgs.egg-info/dependency_links.txt
[4.079s] [ 19%] [34m[1mGenerating C++ type support for eProsima Fast-RTPS[0m
[4.080s] [ 19%] [34m[1mGenerating C++ introspection for ROS interfaces[0m
[4.080s] [ 19%] [34m[1mGenerating C++ type support dispatch for ROS interfaces[0m
[4.080s] writing top-level names to aruco_msgs.egg-info/top_level.txt
[4.080s] writing manifest file 'aruco_msgs.egg-info/SOURCES.txt'
[4.085s] reading manifest file 'aruco_msgs.egg-info/SOURCES.txt'
[4.086s] writing manifest file 'aruco_msgs.egg-info/SOURCES.txt'
[4.159s] [ 22%] [32m[1mLinking C shared library libaruco_msgs__rosidl_generator_c.so[0m
[4.174s] [ 22%] Built target ament_cmake_python_build_aruco_msgs_egg
[4.224s] [ 22%] Built target aruco_msgs__rosidl_generator_c
[4.245s] [ 32%] [34m[1mGenerating C introspection for ROS interfaces[0m
[4.245s] [ 32%] [34m[1mGenerating C type support dispatch for ROS interfaces[0m
[4.245s] [ 32%] [34m[1mGenerating C type support for eProsima Fast-RTPS[0m
[4.561s] [ 35%] [32mBuilding CXX object CMakeFiles/aruco_msgs__rosidl_typesupport_cpp.dir/rosidl_typesupport_cpp/aruco_msgs/msg/aruco_pose__type_support.cpp.o[0m
[4.597s] [ 38%] [32mBuilding CXX object CMakeFiles/aruco_msgs__rosidl_typesupport_introspection_cpp.dir/rosidl_typesupport_introspection_cpp/aruco_msgs/msg/detail/aruco_pose__type_support.cpp.o[0m
[4.617s] [ 41%] [32mBuilding CXX object CMakeFiles/aruco_msgs__rosidl_typesupport_fastrtps_cpp.dir/rosidl_typesupport_fastrtps_cpp/aruco_msgs/msg/detail/dds_fastrtps/aruco_pose__type_support.cpp.o[0m
[4.726s] [ 45%] [32mBuilding CXX object CMakeFiles/aruco_msgs__rosidl_typesupport_c.dir/rosidl_typesupport_c/aruco_msgs/msg/aruco_pose__type_support.cpp.o[0m
[4.771s] [ 48%] [32mBuilding C object CMakeFiles/aruco_msgs__rosidl_typesupport_introspection_c.dir/rosidl_typesupport_introspection_c/aruco_msgs/msg/detail/aruco_pose__type_support.c.o[0m
[4.789s] [ 51%] [32m[1mLinking CXX shared library libaruco_msgs__rosidl_typesupport_c.so[0m
[4.811s] [ 54%] [32mBuilding CXX object CMakeFiles/aruco_msgs__rosidl_typesupport_fastrtps_c.dir/rosidl_typesupport_fastrtps_c/aruco_msgs/msg/detail/aruco_pose__type_support_c.cpp.o[0m
[4.840s] [ 58%] [32m[1mLinking C shared library libaruco_msgs__rosidl_typesupport_introspection_c.so[0m
[4.865s] [ 58%] Built target aruco_msgs__rosidl_typesupport_c
[4.900s] [ 58%] Built target aruco_msgs__rosidl_typesupport_introspection_c
[5.143s] [ 61%] [32m[1mLinking CXX shared library libaruco_msgs__rosidl_typesupport_cpp.so[0m
[5.219s] [ 61%] Built target aruco_msgs__rosidl_typesupport_cpp
[5.420s] [ 64%] [32m[1mLinking CXX shared library libaruco_msgs__rosidl_typesupport_introspection_cpp.so[0m
[5.456s] [ 67%] [32m[1mLinking CXX shared library libaruco_msgs__rosidl_typesupport_fastrtps_cpp.so[0m
[5.497s] [ 67%] Built target aruco_msgs__rosidl_typesupport_introspection_cpp
[5.539s] [ 70%] [32m[1mLinking CXX shared library libaruco_msgs__rosidl_typesupport_fastrtps_c.so[0m
[5.603s] [ 70%] Built target aruco_msgs__rosidl_typesupport_fastrtps_cpp
[5.687s] [ 70%] Built target aruco_msgs__rosidl_typesupport_fastrtps_c
[5.727s] [ 70%] Built target aruco_msgs
[5.769s] [ 74%] [34m[1mGenerating Python code for ROS interfaces[0m
[6.405s] [ 74%] Built target aruco_msgs__py
[6.445s] [ 77%] [32mBuilding C object CMakeFiles/aruco_msgs__rosidl_generator_py.dir/rosidl_generator_py/aruco_msgs/msg/_aruco_pose_s.c.o[0m
[6.657s] [ 80%] [32m[1mLinking C shared library rosidl_generator_py/aruco_msgs/libaruco_msgs__rosidl_generator_py.so[0m
[6.735s] [ 80%] Built target aruco_msgs__rosidl_generator_py
[6.775s] [ 90%] [32mBuilding C object CMakeFiles/aruco_msgs__rosidl_typesupport_fastrtps_c__pyext.dir/rosidl_generator_py/aruco_msgs/_aruco_msgs_s.ep.rosidl_typesupport_fastrtps_c.c.o[0m
[6.775s] [ 90%] [32mBuilding C object CMakeFiles/aruco_msgs__rosidl_typesupport_introspection_c__pyext.dir/rosidl_generator_py/aruco_msgs/_aruco_msgs_s.ep.rosidl_typesupport_introspection_c.c.o[0m
[6.776s] [ 90%] [32mBuilding C object CMakeFiles/aruco_msgs__rosidl_typesupport_c__pyext.dir/rosidl_generator_py/aruco_msgs/_aruco_msgs_s.ep.rosidl_typesupport_c.c.o[0m
[6.967s] [ 96%] [32m[1mLinking C shared library rosidl_generator_py/aruco_msgs/aruco_msgs_s__rosidl_typesupport_introspection_c.cpython-310-aarch64-linux-gnu.so[0m
[6.967s] [ 96%] [32m[1mLinking C shared library rosidl_generator_py/aruco_msgs/aruco_msgs_s__rosidl_typesupport_c.cpython-310-aarch64-linux-gnu.so[0m
[6.967s] [100%] [32m[1mLinking C shared library rosidl_generator_py/aruco_msgs/aruco_msgs_s__rosidl_typesupport_fastrtps_c.cpython-310-aarch64-linux-gnu.so[0m
[7.040s] [100%] Built target aruco_msgs__rosidl_typesupport_introspection_c__pyext
[7.040s] [100%] Built target aruco_msgs__rosidl_typesupport_fastrtps_c__pyext
[7.042s] [100%] Built target aruco_msgs__rosidl_typesupport_c__pyext
[7.069s] Invoked command in '/home/khadas/roaf3d_ws_loop/src/aruco_marker/aruco_msgs/build/aruco_msgs' returned '0': CMAKE_PREFIX_PATH=/opt/ros/humble /usr/bin/cmake --build /home/khadas/roaf3d_ws_loop/src/aruco_marker/aruco_msgs/build/aruco_msgs -- -j8 -l8
[7.202s] Invoking command in '/home/khadas/roaf3d_ws_loop/src/aruco_marker/aruco_msgs/build/aruco_msgs': CMAKE_PREFIX_PATH=/opt/ros/humble /usr/bin/cmake --install /home/khadas/roaf3d_ws_loop/src/aruco_marker/aruco_msgs/build/aruco_msgs
[7.218s] -- Install configuration: ""
[7.218s] -- Execute custom install script
[7.219s] -- Symlinking: /home/khadas/roaf3d_ws_loop/src/aruco_marker/aruco_msgs/install/aruco_msgs/share/ament_index/resource_index/rosidl_interfaces/aruco_msgs
[7.237s] -- Symlinking: /home/khadas/roaf3d_ws_loop/src/aruco_marker/aruco_msgs/install/aruco_msgs/include/aruco_msgs/aruco_msgs/msg/aruco_pose.h
[7.254s] -- Symlinking: /home/khadas/roaf3d_ws_loop/src/aruco_marker/aruco_msgs/install/aruco_msgs/include/aruco_msgs/aruco_msgs/msg/detail/aruco_pose__functions.h
[7.270s] -- Symlinking: /home/khadas/roaf3d_ws_loop/src/aruco_marker/aruco_msgs/install/aruco_msgs/include/aruco_msgs/aruco_msgs/msg/detail/aruco_pose__struct.h
[7.286s] -- Symlinking: /home/khadas/roaf3d_ws_loop/src/aruco_marker/aruco_msgs/install/aruco_msgs/include/aruco_msgs/aruco_msgs/msg/detail/aruco_pose__type_support.h
[7.304s] -- Symlinking: /home/khadas/roaf3d_ws_loop/src/aruco_marker/aruco_msgs/install/aruco_msgs/include/aruco_msgs/aruco_msgs/msg/rosidl_generator_c__visibility_control.h
[7.321s] -- Symlinking: /home/khadas/roaf3d_ws_loop/src/aruco_marker/aruco_msgs/install/aruco_msgs/share/aruco_msgs/environment/library_path.sh
[7.339s] -- Symlinking: /home/khadas/roaf3d_ws_loop/src/aruco_marker/aruco_msgs/install/aruco_msgs/share/aruco_msgs/environment/library_path.dsv
[7.357s] -- Symlinking: /home/khadas/roaf3d_ws_loop/src/aruco_marker/aruco_msgs/install/aruco_msgs/include/aruco_msgs/aruco_msgs/msg/detail/aruco_pose__rosidl_typesupport_fastrtps_c.h
[7.374s] -- Symlinking: /home/khadas/roaf3d_ws_loop/src/aruco_marker/aruco_msgs/install/aruco_msgs/include/aruco_msgs/aruco_msgs/msg/rosidl_typesupport_fastrtps_c__visibility_control.h
[7.391s] -- Symlinking: /home/khadas/roaf3d_ws_loop/src/aruco_marker/aruco_msgs/install/aruco_msgs/include/aruco_msgs/aruco_msgs/msg/detail/aruco_pose__rosidl_typesupport_introspection_c.h
[7.408s] -- Symlinking: /home/khadas/roaf3d_ws_loop/src/aruco_marker/aruco_msgs/install/aruco_msgs/include/aruco_msgs/aruco_msgs/msg/rosidl_typesupport_introspection_c__visibility_control.h
[7.427s] -- Symlinking: /home/khadas/roaf3d_ws_loop/src/aruco_marker/aruco_msgs/install/aruco_msgs/include/aruco_msgs/aruco_msgs/msg/aruco_pose.hpp
[7.444s] -- Symlinking: /home/khadas/roaf3d_ws_loop/src/aruco_marker/aruco_msgs/install/aruco_msgs/include/aruco_msgs/aruco_msgs/msg/detail/aruco_pose__builder.hpp
[7.462s] -- Symlinking: /home/khadas/roaf3d_ws_loop/src/aruco_marker/aruco_msgs/install/aruco_msgs/include/aruco_msgs/aruco_msgs/msg/detail/aruco_pose__struct.hpp
[7.479s] -- Symlinking: /home/khadas/roaf3d_ws_loop/src/aruco_marker/aruco_msgs/install/aruco_msgs/include/aruco_msgs/aruco_msgs/msg/detail/aruco_pose__traits.hpp
[7.498s] -- Symlinking: /home/khadas/roaf3d_ws_loop/src/aruco_marker/aruco_msgs/install/aruco_msgs/include/aruco_msgs/aruco_msgs/msg/detail/aruco_pose__rosidl_typesupport_fastrtps_cpp.hpp
[7.515s] -- Symlinking: /home/khadas/roaf3d_ws_loop/src/aruco_marker/aruco_msgs/install/aruco_msgs/include/aruco_msgs/aruco_msgs/msg/rosidl_typesupport_fastrtps_cpp__visibility_control.h
[7.534s] -- Symlinking: /home/khadas/roaf3d_ws_loop/src/aruco_marker/aruco_msgs/install/aruco_msgs/include/aruco_msgs/aruco_msgs/msg/detail/aruco_pose__rosidl_typesupport_introspection_cpp.hpp
[7.552s] -- Symlinking: /home/khadas/roaf3d_ws_loop/src/aruco_marker/aruco_msgs/install/aruco_msgs/share/aruco_msgs/environment/pythonpath.sh
[7.570s] -- Symlinking: /home/khadas/roaf3d_ws_loop/src/aruco_marker/aruco_msgs/install/aruco_msgs/share/aruco_msgs/environment/pythonpath.dsv
[7.591s] -- Symlinking: /home/khadas/roaf3d_ws_loop/src/aruco_marker/aruco_msgs/install/aruco_msgs/local/lib/python3.10/dist-packages/aruco_msgs-0.0.0-py3.10.egg-info/PKG-INFO
[7.608s] -- Symlinking: /home/khadas/roaf3d_ws_loop/src/aruco_marker/aruco_msgs/install/aruco_msgs/local/lib/python3.10/dist-packages/aruco_msgs-0.0.0-py3.10.egg-info/SOURCES.txt
[7.626s] -- Symlinking: /home/khadas/roaf3d_ws_loop/src/aruco_marker/aruco_msgs/install/aruco_msgs/local/lib/python3.10/dist-packages/aruco_msgs-0.0.0-py3.10.egg-info/dependency_links.txt
[7.644s] -- Symlinking: /home/khadas/roaf3d_ws_loop/src/aruco_marker/aruco_msgs/install/aruco_msgs/local/lib/python3.10/dist-packages/aruco_msgs-0.0.0-py3.10.egg-info/top_level.txt
[7.664s] -- Symlinking: /home/khadas/roaf3d_ws_loop/src/aruco_marker/aruco_msgs/install/aruco_msgs/local/lib/python3.10/dist-packages/aruco_msgs/__init__.py
[7.681s] -- Symlinking: /home/khadas/roaf3d_ws_loop/src/aruco_marker/aruco_msgs/install/aruco_msgs/local/lib/python3.10/dist-packages/aruco_msgs/_aruco_msgs_s.ep.rosidl_typesupport_c.c
[7.698s] -- Symlinking: /home/khadas/roaf3d_ws_loop/src/aruco_marker/aruco_msgs/install/aruco_msgs/local/lib/python3.10/dist-packages/aruco_msgs/_aruco_msgs_s.ep.rosidl_typesupport_fastrtps_c.c
[7.716s] -- Symlinking: /home/khadas/roaf3d_ws_loop/src/aruco_marker/aruco_msgs/install/aruco_msgs/local/lib/python3.10/dist-packages/aruco_msgs/_aruco_msgs_s.ep.rosidl_typesupport_introspection_c.c
[7.734s] -- Symlinking: /home/khadas/roaf3d_ws_loop/src/aruco_marker/aruco_msgs/install/aruco_msgs/local/lib/python3.10/dist-packages/aruco_msgs/aruco_msgs_s__rosidl_typesupport_c.cpython-310-aarch64-linux-gnu.so
[7.751s] -- Symlinking: /home/khadas/roaf3d_ws_loop/src/aruco_marker/aruco_msgs/install/aruco_msgs/local/lib/python3.10/dist-packages/aruco_msgs/aruco_msgs_s__rosidl_typesupport_fastrtps_c.cpython-310-aarch64-linux-gnu.so
[7.769s] -- Symlinking: /home/khadas/roaf3d_ws_loop/src/aruco_marker/aruco_msgs/install/aruco_msgs/local/lib/python3.10/dist-packages/aruco_msgs/aruco_msgs_s__rosidl_typesupport_introspection_c.cpython-310-aarch64-linux-gnu.so
[7.785s] -- Symlinking: /home/khadas/roaf3d_ws_loop/src/aruco_marker/aruco_msgs/install/aruco_msgs/local/lib/python3.10/dist-packages/aruco_msgs/libaruco_msgs__rosidl_generator_py.so
[7.803s] -- Symlinking: /home/khadas/roaf3d_ws_loop/src/aruco_marker/aruco_msgs/install/aruco_msgs/local/lib/python3.10/dist-packages/aruco_msgs/msg/__init__.py
[7.820s] -- Symlinking: /home/khadas/roaf3d_ws_loop/src/aruco_marker/aruco_msgs/install/aruco_msgs/local/lib/python3.10/dist-packages/aruco_msgs/msg/_aruco_pose.py
[7.836s] -- Symlinking: /home/khadas/roaf3d_ws_loop/src/aruco_marker/aruco_msgs/install/aruco_msgs/local/lib/python3.10/dist-packages/aruco_msgs/msg/_aruco_pose_s.c
[7.855s] -- Up-to-date symlink: /home/khadas/roaf3d_ws_loop/src/aruco_marker/aruco_msgs/install/aruco_msgs/local/lib/python3.10/dist-packages/aruco_msgs/aruco_msgs_s__rosidl_typesupport_fastrtps_c.cpython-310-aarch64-linux-gnu.so
[7.856s] -- Up-to-date symlink: /home/khadas/roaf3d_ws_loop/src/aruco_marker/aruco_msgs/install/aruco_msgs/local/lib/python3.10/dist-packages/aruco_msgs/aruco_msgs_s__rosidl_typesupport_introspection_c.cpython-310-aarch64-linux-gnu.so
[7.857s] -- Up-to-date symlink: /home/khadas/roaf3d_ws_loop/src/aruco_marker/aruco_msgs/install/aruco_msgs/local/lib/python3.10/dist-packages/aruco_msgs/aruco_msgs_s__rosidl_typesupport_c.cpython-310-aarch64-linux-gnu.so
[7.858s] -- Symlinking: /home/khadas/roaf3d_ws_loop/src/aruco_marker/aruco_msgs/install/aruco_msgs/share/aruco_msgs/msg/ArucoPose.idl
[7.875s] -- Symlinking: /home/khadas/roaf3d_ws_loop/src/aruco_marker/aruco_msgs/install/aruco_msgs/share/aruco_msgs/msg/ArucoPose.msg
[7.893s] -- Up-to-date symlink: /home/khadas/roaf3d_ws_loop/src/aruco_marker/aruco_msgs/install/aruco_msgs/share/aruco_msgs/msg/ArucoPose.msg
[7.894s] -- Symlinking: /home/khadas/roaf3d_ws_loop/src/aruco_marker/aruco_msgs/install/aruco_msgs/share/ament_index/resource_index/package_run_dependencies/aruco_msgs
[7.912s] -- Symlinking: /home/khadas/roaf3d_ws_loop/src/aruco_marker/aruco_msgs/install/aruco_msgs/share/ament_index/resource_index/parent_prefix_path/aruco_msgs
[7.931s] -- Symlinking: /home/khadas/roaf3d_ws_loop/src/aruco_marker/aruco_msgs/install/aruco_msgs/share/aruco_msgs/environment/ament_prefix_path.sh
[7.949s] -- Symlinking: /home/khadas/roaf3d_ws_loop/src/aruco_marker/aruco_msgs/install/aruco_msgs/share/aruco_msgs/environment/ament_prefix_path.dsv
[7.967s] -- Symlinking: /home/khadas/roaf3d_ws_loop/src/aruco_marker/aruco_msgs/install/aruco_msgs/share/aruco_msgs/environment/path.sh
[7.985s] -- Symlinking: /home/khadas/roaf3d_ws_loop/src/aruco_marker/aruco_msgs/install/aruco_msgs/share/aruco_msgs/environment/path.dsv
[8.003s] -- Symlinking: /home/khadas/roaf3d_ws_loop/src/aruco_marker/aruco_msgs/install/aruco_msgs/share/aruco_msgs/local_setup.bash
[8.020s] -- Symlinking: /home/khadas/roaf3d_ws_loop/src/aruco_marker/aruco_msgs/install/aruco_msgs/share/aruco_msgs/local_setup.sh
[8.039s] -- Symlinking: /home/khadas/roaf3d_ws_loop/src/aruco_marker/aruco_msgs/install/aruco_msgs/share/aruco_msgs/local_setup.zsh
[8.062s] -- Symlinking: /home/khadas/roaf3d_ws_loop/src/aruco_marker/aruco_msgs/install/aruco_msgs/share/aruco_msgs/local_setup.dsv
[8.080s] -- Symlinking: /home/khadas/roaf3d_ws_loop/src/aruco_marker/aruco_msgs/install/aruco_msgs/share/aruco_msgs/package.dsv
[8.098s] -- Symlinking: /home/khadas/roaf3d_ws_loop/src/aruco_marker/aruco_msgs/install/aruco_msgs/share/ament_index/resource_index/packages/aruco_msgs
[8.116s] -- Symlinking: /home/khadas/roaf3d_ws_loop/src/aruco_marker/aruco_msgs/install/aruco_msgs/share/aruco_msgs/cmake/rosidl_cmake-extras.cmake
[8.135s] -- Symlinking: /home/khadas/roaf3d_ws_loop/src/aruco_marker/aruco_msgs/install/aruco_msgs/share/aruco_msgs/cmake/ament_cmake_export_dependencies-extras.cmake
[8.153s] -- Symlinking: /home/khadas/roaf3d_ws_loop/src/aruco_marker/aruco_msgs/install/aruco_msgs/share/aruco_msgs/cmake/ament_cmake_export_include_directories-extras.cmake
[8.170s] -- Symlinking: /home/khadas/roaf3d_ws_loop/src/aruco_marker/aruco_msgs/install/aruco_msgs/share/aruco_msgs/cmake/ament_cmake_export_libraries-extras.cmake
[8.186s] -- Symlinking: /home/khadas/roaf3d_ws_loop/src/aruco_marker/aruco_msgs/install/aruco_msgs/share/aruco_msgs/cmake/ament_cmake_export_targets-extras.cmake
[8.203s] -- Symlinking: /home/khadas/roaf3d_ws_loop/src/aruco_marker/aruco_msgs/install/aruco_msgs/share/aruco_msgs/cmake/rosidl_cmake_export_typesupport_targets-extras.cmake
[8.222s] -- Symlinking: /home/khadas/roaf3d_ws_loop/src/aruco_marker/aruco_msgs/install/aruco_msgs/share/aruco_msgs/cmake/rosidl_cmake_export_typesupport_libraries-extras.cmake
[8.240s] -- Symlinking: /home/khadas/roaf3d_ws_loop/src/aruco_marker/aruco_msgs/install/aruco_msgs/share/aruco_msgs/cmake/aruco_msgsConfig.cmake
[8.259s] -- Symlinking: /home/khadas/roaf3d_ws_loop/src/aruco_marker/aruco_msgs/install/aruco_msgs/share/aruco_msgs/cmake/aruco_msgsConfig-version.cmake
[8.277s] -- Symlinking: /home/khadas/roaf3d_ws_loop/src/aruco_marker/aruco_msgs/install/aruco_msgs/share/aruco_msgs/package.xml
[8.295s] -- Installing: /home/khadas/roaf3d_ws_loop/src/aruco_marker/aruco_msgs/install/aruco_msgs/lib/libaruco_msgs__rosidl_generator_c.so
[8.296s] -- Set runtime path of "/home/khadas/roaf3d_ws_loop/src/aruco_marker/aruco_msgs/install/aruco_msgs/lib/libaruco_msgs__rosidl_generator_c.so" to ""
[8.297s] -- Installing: /home/khadas/roaf3d_ws_loop/src/aruco_marker/aruco_msgs/install/aruco_msgs/lib/libaruco_msgs__rosidl_typesupport_fastrtps_c.so
[8.298s] -- Set runtime path of "/home/khadas/roaf3d_ws_loop/src/aruco_marker/aruco_msgs/install/aruco_msgs/lib/libaruco_msgs__rosidl_typesupport_fastrtps_c.so" to ""
[8.298s] -- Installing: /home/khadas/roaf3d_ws_loop/src/aruco_marker/aruco_msgs/install/aruco_msgs/lib/libaruco_msgs__rosidl_typesupport_introspection_c.so
[8.299s] -- Set runtime path of "/home/khadas/roaf3d_ws_loop/src/aruco_marker/aruco_msgs/install/aruco_msgs/lib/libaruco_msgs__rosidl_typesupport_introspection_c.so" to ""
[8.299s] -- Installing: /home/khadas/roaf3d_ws_loop/src/aruco_marker/aruco_msgs/install/aruco_msgs/lib/libaruco_msgs__rosidl_typesupport_c.so
[8.300s] -- Set runtime path of "/home/khadas/roaf3d_ws_loop/src/aruco_marker/aruco_msgs/install/aruco_msgs/lib/libaruco_msgs__rosidl_typesupport_c.so" to ""
[8.300s] -- Installing: /home/khadas/roaf3d_ws_loop/src/aruco_marker/aruco_msgs/install/aruco_msgs/lib/libaruco_msgs__rosidl_typesupport_fastrtps_cpp.so
[8.301s] -- Set runtime path of "/home/khadas/roaf3d_ws_loop/src/aruco_marker/aruco_msgs/install/aruco_msgs/lib/libaruco_msgs__rosidl_typesupport_fastrtps_cpp.so" to ""
[8.302s] -- Installing: /home/khadas/roaf3d_ws_loop/src/aruco_marker/aruco_msgs/install/aruco_msgs/lib/libaruco_msgs__rosidl_typesupport_introspection_cpp.so
[8.303s] -- Set runtime path of "/home/khadas/roaf3d_ws_loop/src/aruco_marker/aruco_msgs/install/aruco_msgs/lib/libaruco_msgs__rosidl_typesupport_introspection_cpp.so" to ""
[8.303s] -- Installing: /home/khadas/roaf3d_ws_loop/src/aruco_marker/aruco_msgs/install/aruco_msgs/lib/libaruco_msgs__rosidl_typesupport_cpp.so
[8.304s] -- Set runtime path of "/home/khadas/roaf3d_ws_loop/src/aruco_marker/aruco_msgs/install/aruco_msgs/lib/libaruco_msgs__rosidl_typesupport_cpp.so" to ""
[8.375s] Listing '/home/khadas/roaf3d_ws_loop/src/aruco_marker/aruco_msgs/install/aruco_msgs/local/lib/python3.10/dist-packages/aruco_msgs'...
[8.375s] Compiling '/home/khadas/roaf3d_ws_loop/src/aruco_marker/aruco_msgs/install/aruco_msgs/local/lib/python3.10/dist-packages/aruco_msgs/__init__.py'...
[8.375s] Listing '/home/khadas/roaf3d_ws_loop/src/aruco_marker/aruco_msgs/install/aruco_msgs/local/lib/python3.10/dist-packages/aruco_msgs/msg'...
[8.376s] Compiling '/home/khadas/roaf3d_ws_loop/src/aruco_marker/aruco_msgs/install/aruco_msgs/local/lib/python3.10/dist-packages/aruco_msgs/msg/__init__.py'...
[8.376s] Compiling '/home/khadas/roaf3d_ws_loop/src/aruco_marker/aruco_msgs/install/aruco_msgs/local/lib/python3.10/dist-packages/aruco_msgs/msg/_aruco_pose.py'...
[8.386s] -- Installing: /home/khadas/roaf3d_ws_loop/src/aruco_marker/aruco_msgs/install/aruco_msgs/lib/libaruco_msgs__rosidl_generator_py.so
[8.387s] -- Set runtime path of "/home/khadas/roaf3d_ws_loop/src/aruco_marker/aruco_msgs/install/aruco_msgs/lib/libaruco_msgs__rosidl_generator_py.so" to ""
[8.387s] -- Installing: /home/khadas/roaf3d_ws_loop/src/aruco_marker/aruco_msgs/install/aruco_msgs/share/aruco_msgs/cmake/export_aruco_msgs__rosidl_generator_cExport.cmake
[8.388s] -- Installing: /home/khadas/roaf3d_ws_loop/src/aruco_marker/aruco_msgs/install/aruco_msgs/share/aruco_msgs/cmake/export_aruco_msgs__rosidl_generator_cExport-noconfig.cmake
[8.388s] -- Installing: /home/khadas/roaf3d_ws_loop/src/aruco_marker/aruco_msgs/install/aruco_msgs/share/aruco_msgs/cmake/export_aruco_msgs__rosidl_typesupport_fastrtps_cExport.cmake
[8.389s] -- Installing: /home/khadas/roaf3d_ws_loop/src/aruco_marker/aruco_msgs/install/aruco_msgs/share/aruco_msgs/cmake/export_aruco_msgs__rosidl_typesupport_fastrtps_cExport-noconfig.cmake
[8.389s] -- Installing: /home/khadas/roaf3d_ws_loop/src/aruco_marker/aruco_msgs/install/aruco_msgs/share/aruco_msgs/cmake/aruco_msgs__rosidl_typesupport_introspection_cExport.cmake
[8.390s] -- Installing: /home/khadas/roaf3d_ws_loop/src/aruco_marker/aruco_msgs/install/aruco_msgs/share/aruco_msgs/cmake/aruco_msgs__rosidl_typesupport_introspection_cExport-noconfig.cmake
[8.391s] -- Installing: /home/khadas/roaf3d_ws_loop/src/aruco_marker/aruco_msgs/install/aruco_msgs/share/aruco_msgs/cmake/aruco_msgs__rosidl_typesupport_cExport.cmake
[8.391s] -- Installing: /home/khadas/roaf3d_ws_loop/src/aruco_marker/aruco_msgs/install/aruco_msgs/share/aruco_msgs/cmake/aruco_msgs__rosidl_typesupport_cExport-noconfig.cmake
[8.392s] -- Installing: /home/khadas/roaf3d_ws_loop/src/aruco_marker/aruco_msgs/install/aruco_msgs/share/aruco_msgs/cmake/export_aruco_msgs__rosidl_generator_cppExport.cmake
[8.392s] -- Installing: /home/khadas/roaf3d_ws_loop/src/aruco_marker/aruco_msgs/install/aruco_msgs/share/aruco_msgs/cmake/export_aruco_msgs__rosidl_typesupport_fastrtps_cppExport.cmake
[8.393s] -- Installing: /home/khadas/roaf3d_ws_loop/src/aruco_marker/aruco_msgs/install/aruco_msgs/share/aruco_msgs/cmake/export_aruco_msgs__rosidl_typesupport_fastrtps_cppExport-noconfig.cmake
[8.393s] -- Installing: /home/khadas/roaf3d_ws_loop/src/aruco_marker/aruco_msgs/install/aruco_msgs/share/aruco_msgs/cmake/aruco_msgs__rosidl_typesupport_introspection_cppExport.cmake
[8.394s] -- Installing: /home/khadas/roaf3d_ws_loop/src/aruco_marker/aruco_msgs/install/aruco_msgs/share/aruco_msgs/cmake/aruco_msgs__rosidl_typesupport_introspection_cppExport-noconfig.cmake
[8.394s] -- Installing: /home/khadas/roaf3d_ws_loop/src/aruco_marker/aruco_msgs/install/aruco_msgs/share/aruco_msgs/cmake/aruco_msgs__rosidl_typesupport_cppExport.cmake
[8.395s] -- Installing: /home/khadas/roaf3d_ws_loop/src/aruco_marker/aruco_msgs/install/aruco_msgs/share/aruco_msgs/cmake/aruco_msgs__rosidl_typesupport_cppExport-noconfig.cmake
[8.396s] -- Installing: /home/khadas/roaf3d_ws_loop/src/aruco_marker/aruco_msgs/install/aruco_msgs/share/aruco_msgs/cmake/export_aruco_msgs__rosidl_generator_pyExport.cmake
[8.396s] -- Installing: /home/khadas/roaf3d_ws_loop/src/aruco_marker/aruco_msgs/install/aruco_msgs/share/aruco_msgs/cmake/export_aruco_msgs__rosidl_generator_pyExport-noconfig.cmake
[8.404s] Invoked command in '/home/khadas/roaf3d_ws_loop/src/aruco_marker/aruco_msgs/build/aruco_msgs' returned '0': CMAKE_PREFIX_PATH=/opt/ros/humble /usr/bin/cmake --install /home/khadas/roaf3d_ws_loop/src/aruco_marker/aruco_msgs/build/aruco_msgs
